Using pre-set license
Built from '2020.3/staging' branch; Version is '2020.3.16f1 (049d6eca3c44) revision 302446'; Using compiler version '192528614'; Build Type 'Release'
OS: 'Windows 10 Pro; OS build 22000.348; Version 2009; 64bit' Language: 'en' Physical Memory: 32676 MB
BatchMode: 1, IsHumanControllingUs: 0, StartBugReporterOnCrash: 0, Is64bit: 1, IsPro: 0

 COMMAND LINE ARGUMENTS:
C:\Program Files\Unity\Hub\Editor\2020.3.16f1\Editor\Unity.exe
-adb2
-batchMode
-noUpm
-name
AssetImportWorker0
-projectPath
E:/Unity/Demo Project 4080C
-logFile
Logs/AssetImportWorker0.log
-srvPort
50866
Successfully changed project path to: E:/Unity/Demo Project 4080C
E:/Unity/Demo Project 4080C
Using Asset Import Pipeline V2.
Refreshing native plugins compatible for Editor in 23.99 ms, found 2 plugins.
Preloading 0 native plugins for Editor in 0.00 ms.
Initialize engine version: 2020.3.16f1 (049d6eca3c44)
[Subsystems] Discovering subsystems at path C:/Program Files/Unity/Hub/Editor/2020.3.16f1/Editor/Data/Resources/UnitySubsystems
[Subsystems] Discovering subsystems at path E:/Unity/Demo Project 4080C/Assets
GfxDevice: creating device client; threaded=0
Direct3D:
    Version:  Direct3D 11.0 [level 11.1]
    Renderer: NVIDIA GeForce RTX 3060 Ti (ID=0x2489)
    Vendor:   
    VRAM:     8050 MB
    Driver:   30.0.14.9676
Initialize mono
Mono path[0] = 'C:/Program Files/Unity/Hub/Editor/2020.3.16f1/Editor/Data/Managed'
Mono path[1] = 'C:/Program Files/Unity/Hub/Editor/2020.3.16f1/Editor/Data/MonoBleedingEdge/lib/mono/unityjit'
Mono config path = 'C:/Program Files/Unity/Hub/Editor/2020.3.16f1/Editor/Data/MonoBleedingEdge/etc'
Using monoOptions --debugger-agent=transport=dt_socket,embedding=1,server=y,suspend=n,address=127.0.0.1:56580
Begin MonoManager ReloadAssembly
Registering precompiled unity dll's ...
Register platform support module: C:/Program Files/Unity/Hub/Editor/2020.3.16f1/Editor/Data/PlaybackEngines/WindowsStandaloneSupport/UnityEditor.WindowsStandalone.Extensions.dll
Registered in 0.000996 seconds.
Native extension for WindowsStandalone target not found
Refreshing native plugins compatible for Editor in 22.78 ms, found 2 plugins.
Preloading 0 native plugins for Editor in 0.00 ms.
Mono: successfully reloaded assembly
- Completed reload, in  0.675 seconds
Domain Reload Profiling:
	ReloadAssembly (675ms)
		BeginReloadAssembly (34ms)
			ExecutionOrderSort (0ms)
			DisableScriptedObjects (0ms)
			BackupInstance (0ms)
			ReleaseScriptingObjects (0ms)
			CreateAndSetChildDomain (1ms)
		EndReloadAssembly (261ms)
			LoadAssemblies (32ms)
			RebuildTransferFunctionScriptingTraits (0ms)
			SetupTypeCache (91ms)
			ReleaseScriptCaches (0ms)
			RebuildScriptCaches (19ms)
			SetupLoadedEditorAssemblies (105ms)
				LogAssemblyErrors (0ms)
				InitializePlatformSupportModulesInManaged (3ms)
				SetLoadedEditorAssemblies (0ms)
				RefreshPlugins (23ms)
				BeforeProcessingInitializeOnLoad (8ms)
				ProcessInitializeOnLoadAttributes (53ms)
				ProcessInitializeOnLoadMethodAttributes (18ms)
				AfterProcessingInitializeOnLoad (0ms)
				EditorAssembliesLoaded (0ms)
			ExecutionOrderSort2 (0ms)
			AwakeInstancesAfterBackupRestoration (0ms)
Platform modules already initialized, skipping
Registering precompiled user dll's ...
Registered in 0.003426 seconds.
Begin MonoManager ReloadAssembly
Native extension for WindowsStandalone target not found
Refreshing native plugins compatible for Editor in 0.35 ms, found 2 plugins.
Preloading 0 native plugins for Editor in 0.00 ms.
Mono: successfully reloaded assembly
- Completed reload, in  0.697 seconds
Domain Reload Profiling:
	ReloadAssembly (698ms)
		BeginReloadAssembly (90ms)
			ExecutionOrderSort (0ms)
			DisableScriptedObjects (3ms)
			BackupInstance (0ms)
			ReleaseScriptingObjects (0ms)
			CreateAndSetChildDomain (13ms)
		EndReloadAssembly (567ms)
			LoadAssemblies (57ms)
			RebuildTransferFunctionScriptingTraits (0ms)
			SetupTypeCache (173ms)
			ReleaseScriptCaches (0ms)
			RebuildScriptCaches (26ms)
			SetupLoadedEditorAssemblies (253ms)
				LogAssemblyErrors (0ms)
				InitializePlatformSupportModulesInManaged (3ms)
				SetLoadedEditorAssemblies (0ms)
				RefreshPlugins (0ms)
				BeforeProcessingInitializeOnLoad (62ms)
				ProcessInitializeOnLoadAttributes (180ms)
				ProcessInitializeOnLoadMethodAttributes (3ms)
				AfterProcessingInitializeOnLoad (4ms)
				EditorAssembliesLoaded (0ms)
			ExecutionOrderSort2 (0ms)
			AwakeInstancesAfterBackupRestoration (4ms)
Platform modules already initialized, skipping
========================================================================
Worker process is ready to serve import requests
Launched and connected shader compiler UnityShaderCompiler.exe after 0.04 seconds
Refreshing native plugins compatible for Editor in 0.59 ms, found 2 plugins.
Preloading 0 native plugins for Editor in 0.00 ms.
Unloading 1662 Unused Serialized files (Serialized files now loaded: 0)
System memory in use before: 90.7 MB.
System memory in use after: 90.3 MB.

Unloading 24 unused Assets to reduce memory usage. Loaded Objects now: 2095.
Total: 2.594400 ms (FindLiveObjects: 0.143500 ms CreateObjectMapping: 0.031800 ms MarkObjects: 2.196300 ms  DeleteObjects: 0.221900 ms)

AssetImportParameters requested are different than current active one (requested -> active):
  custom:framework-win-MediaFoundation: 216162199b28c13a410421893ffa2e32 -> 
  custom:video-decoder-ogg-theora: a1e56fd34408186e4bbccfd4996cb3dc -> 
  custom:container-muxer-webm: aa71ff27fc2769a1b78a27578f13a17b -> 
  custom:container-demuxer-webm: 4f35f7cbe854078d1ac9338744f61a02 -> 
  custom:container-demuxer-ogg: 62fdf1f143b41e24485cea50d1cbac27 -> 
  custom:video-encoder-webm-vp8: eb34c28f22e8b96e1ab97ce403110664 -> 
  custom:video-decoder-webm-vp8: 9c59270c3fd7afecdb556c50c9e8de78 -> 
  custom:audio-decoder-ogg-vorbis: bf7c407c2cedff20999df2af8eb42d56 -> 
  custom:audio-encoder-webm-vorbis: bf7c407c2cedff20999df2af8eb42d56 -> 
========================================================================
Received Import Request.
  path: Assets/Scenes/MP_Lobby.unity
  artifactKey: Guid(199e1e4485cc3a14b9a22f710a712666) Importer(815301076,1909f56bfc062723c751e8b465ee728b)
Start importing Assets/Scenes/MP_Lobby.unity using Guid(199e1e4485cc3a14b9a22f710a712666) Importer(815301076,1909f56bfc062723c751e8b465ee728b)  -> (artifact id: 'e576b58faba4c0abbef697fb190cd7bf') in 0.012412 seconds 
  Import took 0.014279 seconds .

========================================================================
Received Import Request.
  Time since last request: 0.000136 seconds.
  path: Assets/Scenes/MP_MainGame.unity
  artifactKey: Guid(9fc0d4010bbf28b4594072e72b8655ab) Importer(815301076,1909f56bfc062723c751e8b465ee728b)
Start importing Assets/Scenes/MP_MainGame.unity using Guid(9fc0d4010bbf28b4594072e72b8655ab) Importer(815301076,1909f56bfc062723c751e8b465ee728b)  -> (artifact id: '06f3a84dfde63b23c49984c9dede3945') in 0.004902 seconds 
  Import took 0.006820 seconds .

========================================================================
Received Import Request.
  Time since last request: 17.512140 seconds.
  path: Assets/_TerrainAutoUpgrade
  artifactKey: Guid(2bc86d5c0cec1c3418dc6be03687cb2a) Importer(815301076,1909f56bfc062723c751e8b465ee728b)
Start importing Assets/_TerrainAutoUpgrade using Guid(2bc86d5c0cec1c3418dc6be03687cb2a) Importer(815301076,1909f56bfc062723c751e8b465ee728b)  -> (artifact id: '24c6c346225797f5bb62c1feeddb8d0a') in 0.005596 seconds 
  Import took 0.007662 seconds .

========================================================================
Received Import Request.
  Time since last request: 0.062493 seconds.
  path: Assets/_TerrainAutoUpgrade/layer_ground02ddfc8d7f3483abd.terrainlayer
  artifactKey: Guid(287ecb77c3fa4fd4aa9fa5ce00ecab5e) Importer(815301076,1909f56bfc062723c751e8b465ee728b)
Start importing Assets/_TerrainAutoUpgrade/layer_ground02ddfc8d7f3483abd.terrainlayer using Guid(287ecb77c3fa4fd4aa9fa5ce00ecab5e) Importer(815301076,1909f56bfc062723c751e8b465ee728b)  -> (artifact id: '053593807d8ffadfcd4f1ddddb5ded69') in 0.052062 seconds 
  Import took 0.054299 seconds .

========================================================================
Received Import Request.
  Time since last request: 0.000119 seconds.
  path: Assets/_TerrainAutoUpgrade/layer_ground01793646612c42751.terrainlayer
  artifactKey: Guid(cc068b3d29669d347b1a87293cb06b94) Importer(815301076,1909f56bfc062723c751e8b465ee728b)
Start importing Assets/_TerrainAutoUpgrade/layer_ground01793646612c42751.terrainlayer using Guid(cc068b3d29669d347b1a87293cb06b94) Importer(815301076,1909f56bfc062723c751e8b465ee728b)  -> (artifact id: '3d23819b7299df1f2e6f9f158f46bcad') in 0.010253 seconds 
  Import took 0.011856 seconds .

========================================================================
Received Import Request.
  Time since last request: 0.000112 seconds.
  path: Assets/_TerrainAutoUpgrade/layer_ground038f9406e577a89d2d.terrainlayer
  artifactKey: Guid(d985b15e2e0a4fc4cb2a71f88ed78e6a) Importer(815301076,1909f56bfc062723c751e8b465ee728b)
Start importing Assets/_TerrainAutoUpgrade/layer_ground038f9406e577a89d2d.terrainlayer using Guid(d985b15e2e0a4fc4cb2a71f88ed78e6a) Importer(815301076,1909f56bfc062723c751e8b465ee728b)  -> (artifact id: '246fa93c3414d153b6cbb5eb1e76f29e') in 0.013735 seconds 
  Import took 0.015558 seconds .

========================================================================
Received Import Request.
  Time since last request: 0.000108 seconds.
  path: Assets/_TerrainAutoUpgrade/layer_ground012023054508611406.terrainlayer
  artifactKey: Guid(6537781347035604586c22a0ff052681) Importer(815301076,1909f56bfc062723c751e8b465ee728b)
Start importing Assets/_TerrainAutoUpgrade/layer_ground012023054508611406.terrainlayer using Guid(6537781347035604586c22a0ff052681) Importer(815301076,1909f56bfc062723c751e8b465ee728b)  -> (artifact id: '20393038f29c3c19ab9946e08d55da06') in 0.010108 seconds 
  Import took 0.011916 seconds .

========================================================================
Received Import Request.
  Time since last request: 2.232031 seconds.
  path: Assets/NatureStarterKit2
  artifactKey: Guid(b435c388c60dc3b47af785e8131ea5a2) Importer(815301076,1909f56bfc062723c751e8b465ee728b)
Start importing Assets/NatureStarterKit2 using Guid(b435c388c60dc3b47af785e8131ea5a2) Importer(815301076,1909f56bfc062723c751e8b465ee728b)  -> (artifact id: '9bca3e1fac75dd9e1e5d082261934213') in 0.004969 seconds 
  Import took 0.007011 seconds .

========================================================================
Received Import Request.
  Time since last request: 5.404953 seconds.
  path: Assets/NatureStarterKit2/Textures/ground03.tga
  artifactKey: Guid(5edd0aaa57578b84da829c036eecf914) Importer(815301076,1909f56bfc062723c751e8b465ee728b)
Start importing Assets/NatureStarterKit2/Textures/ground03.tga using Guid(5edd0aaa57578b84da829c036eecf914) Importer(815301076,1909f56bfc062723c751e8b465ee728b)  -> (artifact id: '44c5573ac477e5b5b70356b17bedccf4') in 0.012938 seconds 
  Import took 0.015075 seconds .

========================================================================
Received Import Request.
  Time since last request: 0.316765 seconds.
  path: Assets/NatureStarterKit2/Textures/ground01.tga
  artifactKey: Guid(ffbc4ff073065254585f69e966389160) Importer(815301076,1909f56bfc062723c751e8b465ee728b)
Start importing Assets/NatureStarterKit2/Textures/ground01.tga using Guid(ffbc4ff073065254585f69e966389160) Importer(815301076,1909f56bfc062723c751e8b465ee728b)  -> (artifact id: '53c3fa63f24b2203654825410bb3d772') in 0.017345 seconds 
  Import took 0.019513 seconds .

========================================================================
Received Import Request.
  Time since last request: 0.001860 seconds.
  path: Assets/NatureStarterKit2/Textures/ground01.tga
  artifactKey: Guid(ffbc4ff073065254585f69e966389160) Importer(815301076,1909f56bfc062723c751e8b465ee728b)
Start importing Assets/NatureStarterKit2/Textures/ground01.tga using Guid(ffbc4ff073065254585f69e966389160) Importer(815301076,1909f56bfc062723c751e8b465ee728b)  -> (artifact id: '53c3fa63f24b2203654825410bb3d772') in 0.011453 seconds 
  Import took 0.013386 seconds .

========================================================================
Received Import Request.
  Time since last request: 3.397590 seconds.
  path: Assets/NatureStarterKit2/Animations
  artifactKey: Guid(4ae0bd7c44f817242b18bea6a106f2c5) Importer(815301076,1909f56bfc062723c751e8b465ee728b)
Start importing Assets/NatureStarterKit2/Animations using Guid(4ae0bd7c44f817242b18bea6a106f2c5) Importer(815301076,1909f56bfc062723c751e8b465ee728b)  -> (artifact id: '6c4d72b9bfcd71fb4893abbc8dc56759') in 0.005080 seconds 
  Import took 0.007169 seconds .

========================================================================
Received Import Request.
  Time since last request: 0.368740 seconds.
  path: Assets/NatureStarterKit2/Editor
  artifactKey: Guid(7f6f4ece5f1d6844095e8ec0361e7068) Importer(815301076,1909f56bfc062723c751e8b465ee728b)
Start importing Assets/NatureStarterKit2/Editor using Guid(7f6f4ece5f1d6844095e8ec0361e7068) Importer(815301076,1909f56bfc062723c751e8b465ee728b)  -> (artifact id: '828a48cb342b030b4a3d9f03d0f2b024') in 0.004748 seconds 
  Import took 0.006839 seconds .

========================================================================
Received Import Request.
  Time since last request: 0.414990 seconds.
  path: Assets/NatureStarterKit2/Scene
  artifactKey: Guid(406b7a5b7a9ba0b41bf47a649b017346) Importer(815301076,1909f56bfc062723c751e8b465ee728b)
Start importing Assets/NatureStarterKit2/Scene using Guid(406b7a5b7a9ba0b41bf47a649b017346) Importer(815301076,1909f56bfc062723c751e8b465ee728b)  -> (artifact id: '10eba880d304fe1f5b0d821ab113f694') in 0.004997 seconds 
  Import took 0.007073 seconds .

========================================================================
Received Import Request.
  Time since last request: 0.670039 seconds.
  path: Assets/NatureStarterKit2/Scene/New Terrain.asset
  artifactKey: Guid(32620d2a18d1d6543869088db9e2d1c5) Importer(815301076,1909f56bfc062723c751e8b465ee728b)
Start importing Assets/NatureStarterKit2/Scene/New Terrain.asset using Guid(32620d2a18d1d6543869088db9e2d1c5) Importer(815301076,1909f56bfc062723c751e8b465ee728b)  -> (artifact id: 'e5778033e9428ed0ca56a8ad3c93a0b4') in 0.112828 seconds 
  Import took 0.115626 seconds .

========================================================================
Received Import Request.
  Time since last request: 0.000125 seconds.
  path: Assets/NatureStarterKit2/Scene/SecondaryTerrain.asset
  artifactKey: Guid(7f570b916f436aa4c9d4676e57349fd4) Importer(815301076,1909f56bfc062723c751e8b465ee728b)
Start importing Assets/NatureStarterKit2/Scene/SecondaryTerrain.asset using Guid(7f570b916f436aa4c9d4676e57349fd4) Importer(815301076,1909f56bfc062723c751e8b465ee728b)  -> (artifact id: '00c3cbacf36017350ef1aeca49c202ff') in 0.140693 seconds 
  Import took 0.143479 seconds .

========================================================================
Received Import Request.
  Time since last request: 0.002429 seconds.
  path: Assets/NatureStarterKit2/Scene/SecondaryTerrain.asset
  artifactKey: Guid(7f570b916f436aa4c9d4676e57349fd4) Importer(815301076,1909f56bfc062723c751e8b465ee728b)
Start importing Assets/NatureStarterKit2/Scene/SecondaryTerrain.asset using Guid(7f570b916f436aa4c9d4676e57349fd4) Importer(815301076,1909f56bfc062723c751e8b465ee728b)  -> (artifact id: '00c3cbacf36017350ef1aeca49c202ff') in 0.049194 seconds 
  Import took 0.052273 seconds .

========================================================================
Received Import Request.
  Time since last request: 2.305751 seconds.
  path: Assets/NatureStarterKit2/Scene/Demo.unity
  artifactKey: Guid(2b02c29601fc84e49a18fde7fed33f95) Importer(815301076,1909f56bfc062723c751e8b465ee728b)
Start importing Assets/NatureStarterKit2/Scene/Demo.unity using Guid(2b02c29601fc84e49a18fde7fed33f95) Importer(815301076,1909f56bfc062723c751e8b465ee728b)  -> (artifact id: '76c006600c05af0b290222ea6f96a27d') in 0.005312 seconds 
  Import took 0.007704 seconds .

========================================================================
Received Prepare
Registering precompiled user dll's ...
Registered in 0.003473 seconds.
Begin MonoManager ReloadAssembly
Native extension for WindowsStandalone target not found
Refreshing native plugins compatible for Editor in 0.35 ms, found 2 plugins.
Preloading 0 native plugins for Editor in 0.00 ms.
Mono: successfully reloaded assembly
- Completed reload, in  0.635 seconds
Domain Reload Profiling:
	ReloadAssembly (636ms)
		BeginReloadAssembly (76ms)
			ExecutionOrderSort (0ms)
			DisableScriptedObjects (3ms)
			BackupInstance (0ms)
			ReleaseScriptingObjects (0ms)
			CreateAndSetChildDomain (24ms)
		EndReloadAssembly (521ms)
			LoadAssemblies (54ms)
			RebuildTransferFunctionScriptingTraits (0ms)
			SetupTypeCache (163ms)
			ReleaseScriptCaches (1ms)
			RebuildScriptCaches (22ms)
			SetupLoadedEditorAssemblies (224ms)
				LogAssemblyErrors (0ms)
				InitializePlatformSupportModulesInManaged (3ms)
				SetLoadedEditorAssemblies (0ms)
				RefreshPlugins (0ms)
				BeforeProcessingInitializeOnLoad (54ms)
				ProcessInitializeOnLoadAttributes (160ms)
				ProcessInitializeOnLoadMethodAttributes (3ms)
				AfterProcessingInitializeOnLoad (4ms)
				EditorAssembliesLoaded (0ms)
			ExecutionOrderSort2 (0ms)
			AwakeInstancesAfterBackupRestoration (4ms)
Platform modules already initialized, skipping
Refreshing native plugins compatible for Editor in 0.35 ms, found 2 plugins.
Preloading 0 native plugins for Editor in 0.00 ms.
Unloading 1584 Unused Serialized files (Serialized files now loaded: 0)
System memory in use before: 87.7 MB.
System memory in use after: 86.9 MB.

Unloading 21 unused Assets to reduce memory usage. Loaded Objects now: 2107.
Total: 2.692400 ms (FindLiveObjects: 0.143600 ms CreateObjectMapping: 0.041900 ms MarkObjects: 2.151100 ms  DeleteObjects: 0.355200 ms)

AssetImportParameters requested are different than current active one (requested -> active):
  custom:framework-win-MediaFoundation: 216162199b28c13a410421893ffa2e32 -> 
  custom:video-decoder-ogg-theora: a1e56fd34408186e4bbccfd4996cb3dc -> 
  custom:container-muxer-webm: aa71ff27fc2769a1b78a27578f13a17b -> 
  custom:container-demuxer-webm: 4f35f7cbe854078d1ac9338744f61a02 -> 
  custom:container-demuxer-ogg: 62fdf1f143b41e24485cea50d1cbac27 -> 
  custom:video-encoder-webm-vp8: eb34c28f22e8b96e1ab97ce403110664 -> 
  custom:video-decoder-webm-vp8: 9c59270c3fd7afecdb556c50c9e8de78 -> 
  custom:audio-decoder-ogg-vorbis: bf7c407c2cedff20999df2af8eb42d56 -> 
  custom:audio-encoder-webm-vorbis: bf7c407c2cedff20999df2af8eb42d56 -> 
========================================================================
Received Import Request.
  Time since last request: 95.545301 seconds.
  path: Assets/NatureStarterKit2/Scene/Demo.unity
  artifactKey: Guid(2b02c29601fc84e49a18fde7fed33f95) Importer(815301076,1909f56bfc062723c751e8b465ee728b)
Start importing Assets/NatureStarterKit2/Scene/Demo.unity using Guid(2b02c29601fc84e49a18fde7fed33f95) Importer(815301076,1909f56bfc062723c751e8b465ee728b)  -> (artifact id: '7b0ef3a8df7aa5e34ea153da64c9448c') in 0.012138 seconds 
  Import took 0.014233 seconds .

========================================================================
Received Import Request.
  Time since last request: 0.003302 seconds.
  path: Assets/NatureStarterKit2/Scene/Demo.unity
  artifactKey: Guid(2b02c29601fc84e49a18fde7fed33f95) Importer(815301076,1909f56bfc062723c751e8b465ee728b)
Start importing Assets/NatureStarterKit2/Scene/Demo.unity using Guid(2b02c29601fc84e49a18fde7fed33f95) Importer(815301076,1909f56bfc062723c751e8b465ee728b)  -> (artifact id: '7b0ef3a8df7aa5e34ea153da64c9448c') in 0.001694 seconds 
  Import took 0.003273 seconds .

========================================================================
Received Import Request.
  Time since last request: 54.746315 seconds.
  path: Assets/NatureStarterKit2/Scene/DemoSettings.lighting
  artifactKey: Guid(b5a86f2d40173df4d99ab0945f1717e9) Importer(815301076,1909f56bfc062723c751e8b465ee728b)
Start importing Assets/NatureStarterKit2/Scene/DemoSettings.lighting using Guid(b5a86f2d40173df4d99ab0945f1717e9) Importer(815301076,1909f56bfc062723c751e8b465ee728b) LightingSettings: switching bake backend from 1 to 0.
 -> (artifact id: 'f62e2b146b89c1abf58067ce5193da7c') in 0.007014 seconds 
  Import took 0.009248 seconds .

========================================================================
Received Import Request.
  Time since last request: 0.006787 seconds.
  path: Assets/NatureStarterKit2/Scene/DemoSettings.lighting
  artifactKey: Guid(b5a86f2d40173df4d99ab0945f1717e9) Importer(815301076,1909f56bfc062723c751e8b465ee728b)
Start importing Assets/NatureStarterKit2/Scene/DemoSettings.lighting using Guid(b5a86f2d40173df4d99ab0945f1717e9) Importer(815301076,1909f56bfc062723c751e8b465ee728b) LightingSettings: switching bake backend from 1 to 0.
 -> (artifact id: 'f62e2b146b89c1abf58067ce5193da7c') in 0.002000 seconds 
  Import took 0.003703 seconds .

========================================================================
Received Import Request.
  Time since last request: 7.106213 seconds.
  path: Assets/NatureStarterKit2/Nature
  artifactKey: Guid(021c6f6f5587fce4fa4829fa5ddc3bba) Importer(815301076,1909f56bfc062723c751e8b465ee728b)
Start importing Assets/NatureStarterKit2/Nature using Guid(021c6f6f5587fce4fa4829fa5ddc3bba) Importer(815301076,1909f56bfc062723c751e8b465ee728b)  -> (artifact id: '95a061fcf6e62daa8ebcf417ed2c55d6') in 0.004880 seconds 
  Import took 0.007019 seconds .

========================================================================
Received Import Request.
  Time since last request: 0.038933 seconds.
  path: Assets/NatureStarterKit2/Nature
  artifactKey: Guid(021c6f6f5587fce4fa4829fa5ddc3bba) Importer(815301076,1909f56bfc062723c751e8b465ee728b)
Start importing Assets/NatureStarterKit2/Nature using Guid(021c6f6f5587fce4fa4829fa5ddc3bba) Importer(815301076,1909f56bfc062723c751e8b465ee728b)  -> (artifact id: '95a061fcf6e62daa8ebcf417ed2c55d6') in 0.001791 seconds 
  Import took 0.003429 seconds .

========================================================================
Received Import Request.
  Time since last request: 0.008178 seconds.
  path: Assets/NatureStarterKit2/Nature/bush01.prefab
  artifactKey: Guid(d638ef2ca2fe20c4c9c08e125692d3f4) Importer(815301076,1909f56bfc062723c751e8b465ee728b)
Start importing Assets/NatureStarterKit2/Nature/bush01.prefab using Guid(d638ef2ca2fe20c4c9c08e125692d3f4) Importer(815301076,1909f56bfc062723c751e8b465ee728b)  -> (artifact id: '21560adc6954470ab8313c8804e1fce9') in 0.133496 seconds 
  Import took 0.135583 seconds .

========================================================================
Received Import Request.
  Time since last request: 0.000110 seconds.
  path: Assets/NatureStarterKit2/Nature/tree02.prefab
  artifactKey: Guid(c63ea781a273235439e583799176c846) Importer(815301076,1909f56bfc062723c751e8b465ee728b)
Start importing Assets/NatureStarterKit2/Nature/tree02.prefab using Guid(c63ea781a273235439e583799176c846) Importer(815301076,1909f56bfc062723c751e8b465ee728b)  -> (artifact id: 'f2c460658f8771e923abe87156952a46') in 0.060145 seconds 
  Import took 0.062592 seconds .

========================================================================
Received Import Request.
  Time since last request: 0.000106 seconds.
  path: Assets/NatureStarterKit2/Nature/tree03.prefab
  artifactKey: Guid(4e2dd32c733005a44b50004d673dc653) Importer(815301076,1909f56bfc062723c751e8b465ee728b)
Start importing Assets/NatureStarterKit2/Nature/tree03.prefab using Guid(4e2dd32c733005a44b50004d673dc653) Importer(815301076,1909f56bfc062723c751e8b465ee728b)  -> (artifact id: '27dbef208a03e980f3b01400bb097534') in 0.060208 seconds 
  Import took 0.062071 seconds .

========================================================================
Received Import Request.
  Time since last request: 0.000121 seconds.
  path: Assets/NatureStarterKit2/Nature/bush03.prefab
  artifactKey: Guid(9c74caa742791864f9c678287121e6c9) Importer(815301076,1909f56bfc062723c751e8b465ee728b)
Start importing Assets/NatureStarterKit2/Nature/bush03.prefab using Guid(9c74caa742791864f9c678287121e6c9) Importer(815301076,1909f56bfc062723c751e8b465ee728b)  -> (artifact id: '987f199004e9c2004dc0eef80cf4f061') in 0.061897 seconds 
  Import took 0.063717 seconds .

========================================================================
Received Import Request.
  Time since last request: 0.000115 seconds.
  path: Assets/NatureStarterKit2/Nature/bush05.prefab
  artifactKey: Guid(bb660abd3b29d9f44866fd79795dbca4) Importer(815301076,1909f56bfc062723c751e8b465ee728b)
Start importing Assets/NatureStarterKit2/Nature/bush05.prefab using Guid(bb660abd3b29d9f44866fd79795dbca4) Importer(815301076,1909f56bfc062723c751e8b465ee728b)  -> (artifact id: 'f764ec408ee794cb717af01636c90967') in 0.033285 seconds 
  Import took 0.035275 seconds .

========================================================================
Received Import Request.
  Time since last request: 0.000106 seconds.
  path: Assets/NatureStarterKit2/Nature/bush06.prefab
  artifactKey: Guid(f62058cb710fd1745a24102fff0edd46) Importer(815301076,1909f56bfc062723c751e8b465ee728b)
Start importing Assets/NatureStarterKit2/Nature/bush06.prefab using Guid(f62058cb710fd1745a24102fff0edd46) Importer(815301076,1909f56bfc062723c751e8b465ee728b)  -> (artifact id: 'ed44d77f13fd1b7f61c122729433d587') in 0.022136 seconds 
  Import took 0.024162 seconds .

========================================================================
Received Import Request.
  Time since last request: 0.000124 seconds.
  path: Assets/NatureStarterKit2/Nature/bush02.prefab
  artifactKey: Guid(ec78ebca7517fb745a45a931cb06d2bd) Importer(815301076,1909f56bfc062723c751e8b465ee728b)
Start importing Assets/NatureStarterKit2/Nature/bush02.prefab using Guid(ec78ebca7517fb745a45a931cb06d2bd) Importer(815301076,1909f56bfc062723c751e8b465ee728b)  -> (artifact id: 'fe42b436dee027a733550b314e347dd1') in 0.022335 seconds 
  Import took 0.024534 seconds .

========================================================================
Received Import Request.
  Time since last request: 0.000124 seconds.
  path: Assets/NatureStarterKit2/Nature/tree04.prefab
  artifactKey: Guid(aae542b8a65f39b49b008fa689ce9804) Importer(815301076,1909f56bfc062723c751e8b465ee728b)
Start importing Assets/NatureStarterKit2/Nature/tree04.prefab using Guid(aae542b8a65f39b49b008fa689ce9804) Importer(815301076,1909f56bfc062723c751e8b465ee728b)  -> (artifact id: '0b6286a8a9bb16b0111c4d1406239a24') in 0.022892 seconds 
  Import took 0.025146 seconds .

========================================================================
Received Import Request.
  Time since last request: 0.000106 seconds.
  path: Assets/NatureStarterKit2/Nature/tree01.prefab
  artifactKey: Guid(393b236c42954a640b513d46de90ac38) Importer(815301076,1909f56bfc062723c751e8b465ee728b)
Start importing Assets/NatureStarterKit2/Nature/tree01.prefab using Guid(393b236c42954a640b513d46de90ac38) Importer(815301076,1909f56bfc062723c751e8b465ee728b)  -> (artifact id: '4908ff57bb5fe81ac4311bd033127dca') in 0.024145 seconds 
  Import took 0.025982 seconds .

========================================================================
Received Import Request.
  Time since last request: 0.000109 seconds.
  path: Assets/NatureStarterKit2/Nature/bush04.prefab
  artifactKey: Guid(d15b44addf30da74f946086ec0aa993c) Importer(815301076,1909f56bfc062723c751e8b465ee728b)
Start importing Assets/NatureStarterKit2/Nature/bush04.prefab using Guid(d15b44addf30da74f946086ec0aa993c) Importer(815301076,1909f56bfc062723c751e8b465ee728b)  -> (artifact id: '18df9456201ae9a666735ea6d3dc0291') in 0.021162 seconds 
  Import took 0.022985 seconds .

========================================================================
Received Prepare
Registering precompiled user dll's ...
Registered in 0.003692 seconds.
Begin MonoManager ReloadAssembly
Native extension for WindowsStandalone target not found
Refreshing native plugins compatible for Editor in 0.35 ms, found 2 plugins.
Preloading 0 native plugins for Editor in 0.00 ms.
Mono: successfully reloaded assembly
- Completed reload, in  0.690 seconds
Domain Reload Profiling:
	ReloadAssembly (691ms)
		BeginReloadAssembly (74ms)
			ExecutionOrderSort (0ms)
			DisableScriptedObjects (3ms)
			BackupInstance (0ms)
			ReleaseScriptingObjects (0ms)
			CreateAndSetChildDomain (25ms)
		EndReloadAssembly (578ms)
			LoadAssemblies (56ms)
			RebuildTransferFunctionScriptingTraits (0ms)
			SetupTypeCache (165ms)
			ReleaseScriptCaches (1ms)
			RebuildScriptCaches (22ms)
			SetupLoadedEditorAssemblies (276ms)
				LogAssemblyErrors (0ms)
				InitializePlatformSupportModulesInManaged (3ms)
				SetLoadedEditorAssemblies (0ms)
				RefreshPlugins (0ms)
				BeforeProcessingInitializeOnLoad (53ms)
				ProcessInitializeOnLoadAttributes (213ms)
				ProcessInitializeOnLoadMethodAttributes (3ms)
				AfterProcessingInitializeOnLoad (3ms)
				EditorAssembliesLoaded (0ms)
			ExecutionOrderSort2 (0ms)
			AwakeInstancesAfterBackupRestoration (4ms)
Platform modules already initialized, skipping
Refreshing native plugins compatible for Editor in 0.34 ms, found 2 plugins.
Preloading 0 native plugins for Editor in 0.00 ms.
Unloading 1584 Unused Serialized files (Serialized files now loaded: 0)
System memory in use before: 88.3 MB.
System memory in use after: 88.0 MB.

Unloading 19 unused Assets to reduce memory usage. Loaded Objects now: 2152.
Total: 2.606500 ms (FindLiveObjects: 0.144100 ms CreateObjectMapping: 0.042500 ms MarkObjects: 2.173000 ms  DeleteObjects: 0.246200 ms)

AssetImportParameters requested are different than current active one (requested -> active):
  custom:framework-win-MediaFoundation: 216162199b28c13a410421893ffa2e32 -> 
  custom:video-decoder-ogg-theora: a1e56fd34408186e4bbccfd4996cb3dc -> 
  custom:container-muxer-webm: aa71ff27fc2769a1b78a27578f13a17b -> 
  custom:container-demuxer-webm: 4f35f7cbe854078d1ac9338744f61a02 -> 
  custom:container-demuxer-ogg: 62fdf1f143b41e24485cea50d1cbac27 -> 
  custom:video-encoder-webm-vp8: eb34c28f22e8b96e1ab97ce403110664 -> 
  custom:video-decoder-webm-vp8: 9c59270c3fd7afecdb556c50c9e8de78 -> 
  custom:audio-decoder-ogg-vorbis: bf7c407c2cedff20999df2af8eb42d56 -> 
  custom:audio-encoder-webm-vorbis: bf7c407c2cedff20999df2af8eb42d56 -> 
========================================================================
Received Import Request.
  Time since last request: 44.014857 seconds.
  path: Assets/Scenes/asdf.unity
  artifactKey: Guid(2b02c29601fc84e49a18fde7fed33f95) Importer(815301076,1909f56bfc062723c751e8b465ee728b)
Start importing Assets/Scenes/asdf.unity using Guid(2b02c29601fc84e49a18fde7fed33f95) Importer(815301076,1909f56bfc062723c751e8b465ee728b)  -> (artifact id: '5263a4dd2cbb3852f5cd32a094f1fdcb') in 0.015380 seconds 
  Import took 0.017540 seconds .

========================================================================
Received Import Request.
  Time since last request: 0.018992 seconds.
  path: Assets/Scenes/asdf.unity
  artifactKey: Guid(2b02c29601fc84e49a18fde7fed33f95) Importer(815301076,1909f56bfc062723c751e8b465ee728b)
Start importing Assets/Scenes/asdf.unity using Guid(2b02c29601fc84e49a18fde7fed33f95) Importer(815301076,1909f56bfc062723c751e8b465ee728b)  -> (artifact id: '5263a4dd2cbb3852f5cd32a094f1fdcb') in 0.006735 seconds 
  Import took 0.008639 seconds .

========================================================================
Received Import Request.
  Time since last request: 18.001549 seconds.
  path: Assets/Scripts/MP_PlayerAttribs.cs
  artifactKey: Guid(422118973d22d634aa4181f82cb8f0ae) Importer(815301076,1909f56bfc062723c751e8b465ee728b)
Start importing Assets/Scripts/MP_PlayerAttribs.cs using Guid(422118973d22d634aa4181f82cb8f0ae) Importer(815301076,1909f56bfc062723c751e8b465ee728b)  -> (artifact id: '5bda4f2ac44fc6eae681de4f18ad47b4') in 0.007497 seconds 
  Import took 0.009798 seconds .

========================================================================
Received Import Request.
  Time since last request: 0.014439 seconds.
  path: Assets/Scripts/MP_PlayerAttribs.cs
  artifactKey: Guid(422118973d22d634aa4181f82cb8f0ae) Importer(815301076,1909f56bfc062723c751e8b465ee728b)
Start importing Assets/Scripts/MP_PlayerAttribs.cs using Guid(422118973d22d634aa4181f82cb8f0ae) Importer(815301076,1909f56bfc062723c751e8b465ee728b)  -> (artifact id: '5bda4f2ac44fc6eae681de4f18ad47b4') in 0.001583 seconds 
  Import took 0.003417 seconds .

========================================================================
Received Prepare
Registering precompiled user dll's ...
Registered in 0.003377 seconds.
Begin MonoManager ReloadAssembly
Native extension for WindowsStandalone target not found
Refreshing native plugins compatible for Editor in 0.38 ms, found 2 plugins.
Preloading 0 native plugins for Editor in 0.00 ms.
Mono: successfully reloaded assembly
- Completed reload, in  0.696 seconds
Domain Reload Profiling:
	ReloadAssembly (697ms)
		BeginReloadAssembly (87ms)
			ExecutionOrderSort (0ms)
			DisableScriptedObjects (3ms)
			BackupInstance (0ms)
			ReleaseScriptingObjects (0ms)
			CreateAndSetChildDomain (25ms)
		EndReloadAssembly (566ms)
			LoadAssemblies (58ms)
			RebuildTransferFunctionScriptingTraits (0ms)
			SetupTypeCache (163ms)
			ReleaseScriptCaches (1ms)
			RebuildScriptCaches (22ms)
			SetupLoadedEditorAssemblies (262ms)
				LogAssemblyErrors (0ms)
				InitializePlatformSupportModulesInManaged (3ms)
				SetLoadedEditorAssemblies (0ms)
				RefreshPlugins (0ms)
				BeforeProcessingInitializeOnLoad (55ms)
				ProcessInitializeOnLoadAttributes (196ms)
				ProcessInitializeOnLoadMethodAttributes (3ms)
				AfterProcessingInitializeOnLoad (4ms)
				EditorAssembliesLoaded (0ms)
			ExecutionOrderSort2 (0ms)
			AwakeInstancesAfterBackupRestoration (6ms)
Platform modules already initialized, skipping
Refreshing native plugins compatible for Editor in 0.35 ms, found 2 plugins.
Preloading 0 native plugins for Editor in 0.00 ms.
Unloading 1584 Unused Serialized files (Serialized files now loaded: 0)
System memory in use before: 88.3 MB.
System memory in use after: 88.0 MB.

Unloading 19 unused Assets to reduce memory usage. Loaded Objects now: 2154.
Total: 2.654000 ms (FindLiveObjects: 0.153800 ms CreateObjectMapping: 0.043000 ms MarkObjects: 2.187200 ms  DeleteObjects: 0.269000 ms)

AssetImportParameters requested are different than current active one (requested -> active):
  custom:framework-win-MediaFoundation: 216162199b28c13a410421893ffa2e32 -> 
  custom:video-decoder-ogg-theora: a1e56fd34408186e4bbccfd4996cb3dc -> 
  custom:container-muxer-webm: aa71ff27fc2769a1b78a27578f13a17b -> 
  custom:container-demuxer-webm: 4f35f7cbe854078d1ac9338744f61a02 -> 
  custom:container-demuxer-ogg: 62fdf1f143b41e24485cea50d1cbac27 -> 
  custom:video-encoder-webm-vp8: eb34c28f22e8b96e1ab97ce403110664 -> 
  custom:video-decoder-webm-vp8: 9c59270c3fd7afecdb556c50c9e8de78 -> 
  custom:audio-decoder-ogg-vorbis: bf7c407c2cedff20999df2af8eb42d56 -> 
  custom:audio-encoder-webm-vorbis: bf7c407c2cedff20999df2af8eb42d56 -> 
========================================================================
Received Prepare
Registering precompiled user dll's ...
Registered in 0.004773 seconds.
Begin MonoManager ReloadAssembly
Native extension for WindowsStandalone target not found
Refreshing native plugins compatible for Editor in 0.37 ms, found 2 plugins.
Preloading 0 native plugins for Editor in 0.00 ms.
Mono: successfully reloaded assembly
- Completed reload, in  0.707 seconds
Domain Reload Profiling:
	ReloadAssembly (707ms)
		BeginReloadAssembly (77ms)
			ExecutionOrderSort (0ms)
			DisableScriptedObjects (4ms)
			BackupInstance (0ms)
			ReleaseScriptingObjects (0ms)
			CreateAndSetChildDomain (25ms)
		EndReloadAssembly (584ms)
			LoadAssemblies (62ms)
			RebuildTransferFunctionScriptingTraits (0ms)
			SetupTypeCache (182ms)
			ReleaseScriptCaches (1ms)
			RebuildScriptCaches (24ms)
			SetupLoadedEditorAssemblies (253ms)
				LogAssemblyErrors (0ms)
				InitializePlatformSupportModulesInManaged (4ms)
				SetLoadedEditorAssemblies (0ms)
				RefreshPlugins (0ms)
				BeforeProcessingInitializeOnLoad (59ms)
				ProcessInitializeOnLoadAttributes (182ms)
				ProcessInitializeOnLoadMethodAttributes (3ms)
				AfterProcessingInitializeOnLoad (4ms)
				EditorAssembliesLoaded (0ms)
			ExecutionOrderSort2 (0ms)
			AwakeInstancesAfterBackupRestoration (5ms)
Platform modules already initialized, skipping
Refreshing native plugins compatible for Editor in 0.37 ms, found 2 plugins.
Preloading 0 native plugins for Editor in 0.00 ms.
Unloading 1584 Unused Serialized files (Serialized files now loaded: 0)
System memory in use before: 88.3 MB.
System memory in use after: 88.0 MB.

Unloading 19 unused Assets to reduce memory usage. Loaded Objects now: 2156.
Total: 2.543800 ms (FindLiveObjects: 0.191100 ms CreateObjectMapping: 0.052400 ms MarkObjects: 1.998800 ms  DeleteObjects: 0.300700 ms)

AssetImportParameters requested are different than current active one (requested -> active):
  custom:framework-win-MediaFoundation: 216162199b28c13a410421893ffa2e32 -> 
  custom:video-decoder-ogg-theora: a1e56fd34408186e4bbccfd4996cb3dc -> 
  custom:container-muxer-webm: aa71ff27fc2769a1b78a27578f13a17b -> 
  custom:container-demuxer-webm: 4f35f7cbe854078d1ac9338744f61a02 -> 
  custom:container-demuxer-ogg: 62fdf1f143b41e24485cea50d1cbac27 -> 
  custom:video-encoder-webm-vp8: eb34c28f22e8b96e1ab97ce403110664 -> 
  custom:video-decoder-webm-vp8: 9c59270c3fd7afecdb556c50c9e8de78 -> 
  custom:audio-decoder-ogg-vorbis: bf7c407c2cedff20999df2af8eb42d56 -> 
  custom:audio-encoder-webm-vorbis: bf7c407c2cedff20999df2af8eb42d56 -> 
========================================================================
Received Prepare
Registering precompiled user dll's ...
Registered in 0.003428 seconds.
Begin MonoManager ReloadAssembly
Native extension for WindowsStandalone target not found
Refreshing native plugins compatible for Editor in 0.36 ms, found 2 plugins.
Preloading 0 native plugins for Editor in 0.00 ms.
Mono: successfully reloaded assembly
- Completed reload, in  0.682 seconds
Domain Reload Profiling:
	ReloadAssembly (682ms)
		BeginReloadAssembly (84ms)
			ExecutionOrderSort (0ms)
			DisableScriptedObjects (3ms)
			BackupInstance (0ms)
			ReleaseScriptingObjects (0ms)
			CreateAndSetChildDomain (26ms)
		EndReloadAssembly (556ms)
			LoadAssemblies (60ms)
			RebuildTransferFunctionScriptingTraits (0ms)
			SetupTypeCache (165ms)
			ReleaseScriptCaches (1ms)
			RebuildScriptCaches (23ms)
			SetupLoadedEditorAssemblies (247ms)
				LogAssemblyErrors (0ms)
				InitializePlatformSupportModulesInManaged (4ms)
				SetLoadedEditorAssemblies (0ms)
				RefreshPlugins (0ms)
				BeforeProcessingInitializeOnLoad (55ms)
				ProcessInitializeOnLoadAttributes (181ms)
				ProcessInitializeOnLoadMethodAttributes (3ms)
				AfterProcessingInitializeOnLoad (4ms)
				EditorAssembliesLoaded (0ms)
			ExecutionOrderSort2 (0ms)
			AwakeInstancesAfterBackupRestoration (5ms)
Platform modules already initialized, skipping
Refreshing native plugins compatible for Editor in 0.35 ms, found 2 plugins.
Preloading 0 native plugins for Editor in 0.00 ms.
Unloading 1584 Unused Serialized files (Serialized files now loaded: 0)
System memory in use before: 88.4 MB.
System memory in use after: 88.1 MB.

Unloading 19 unused Assets to reduce memory usage. Loaded Objects now: 2158.
Total: 2.756100 ms (FindLiveObjects: 0.146400 ms CreateObjectMapping: 0.040500 ms MarkObjects: 2.308700 ms  DeleteObjects: 0.259500 ms)

AssetImportParameters requested are different than current active one (requested -> active):
  custom:framework-win-MediaFoundation: 216162199b28c13a410421893ffa2e32 -> 
  custom:video-decoder-ogg-theora: a1e56fd34408186e4bbccfd4996cb3dc -> 
  custom:container-muxer-webm: aa71ff27fc2769a1b78a27578f13a17b -> 
  custom:container-demuxer-webm: 4f35f7cbe854078d1ac9338744f61a02 -> 
  custom:container-demuxer-ogg: 62fdf1f143b41e24485cea50d1cbac27 -> 
  custom:video-encoder-webm-vp8: eb34c28f22e8b96e1ab97ce403110664 -> 
  custom:video-decoder-webm-vp8: 9c59270c3fd7afecdb556c50c9e8de78 -> 
  custom:audio-decoder-ogg-vorbis: bf7c407c2cedff20999df2af8eb42d56 -> 
  custom:audio-encoder-webm-vorbis: bf7c407c2cedff20999df2af8eb42d56 -> 
========================================================================
Received Import Request.
  Time since last request: 294.671854 seconds.
  path: Assets/Scenes/asdf.unity
  artifactKey: Guid(2b02c29601fc84e49a18fde7fed33f95) Importer(815301076,1909f56bfc062723c751e8b465ee728b)
Start importing Assets/Scenes/asdf.unity using Guid(2b02c29601fc84e49a18fde7fed33f95) Importer(815301076,1909f56bfc062723c751e8b465ee728b)  -> (artifact id: 'c2049b71cf4beed4b5d63c7c0e341eb2') in 0.024910 seconds 
  Import took 0.027235 seconds .

========================================================================
Received Import Request.
  Time since last request: 17.279635 seconds.
  path: Assets/Scenes/MP_MainMenu.unity
  artifactKey: Guid(9370ba5b8cc24804fa930c7c39fda384) Importer(815301076,1909f56bfc062723c751e8b465ee728b)
Start importing Assets/Scenes/MP_MainMenu.unity using Guid(9370ba5b8cc24804fa930c7c39fda384) Importer(815301076,1909f56bfc062723c751e8b465ee728b)  -> (artifact id: '084c9fcc5b7ebf2ca276af277afdd3f4') in 0.005153 seconds 
  Import took 0.007336 seconds .

========================================================================
Received Import Request.
  Time since last request: 0.000380 seconds.
  path: Assets/Scenes/MP_MainMenu.unity
  artifactKey: Guid(9370ba5b8cc24804fa930c7c39fda384) Importer(815301076,1909f56bfc062723c751e8b465ee728b)
Start importing Assets/Scenes/MP_MainMenu.unity using Guid(9370ba5b8cc24804fa930c7c39fda384) Importer(815301076,1909f56bfc062723c751e8b465ee728b)  -> (artifact id: '084c9fcc5b7ebf2ca276af277afdd3f4') in 0.001665 seconds 
  Import took 0.003131 seconds .

========================================================================
Received Import Request.
  Time since last request: 32.166219 seconds.
  path: Assets/Samples
  artifactKey: Guid(867ae3c338b8b4246ab932c6f23ff622) Importer(815301076,1909f56bfc062723c751e8b465ee728b)
Start importing Assets/Samples using Guid(867ae3c338b8b4246ab932c6f23ff622) Importer(815301076,1909f56bfc062723c751e8b465ee728b)  -> (artifact id: '590062ea17d3d51884de4d4190e17b32') in 0.005617 seconds 
  Import took 0.007937 seconds .

========================================================================
Received Prepare
Registering precompiled user dll's ...
Registered in 0.003473 seconds.
Begin MonoManager ReloadAssembly
Native extension for WindowsStandalone target not found
Refreshing native plugins compatible for Editor in 0.35 ms, found 2 plugins.
Preloading 0 native plugins for Editor in 0.00 ms.
Mono: successfully reloaded assembly
- Completed reload, in  0.659 seconds
Domain Reload Profiling:
	ReloadAssembly (660ms)
		BeginReloadAssembly (76ms)
			ExecutionOrderSort (0ms)
			DisableScriptedObjects (3ms)
			BackupInstance (0ms)
			ReleaseScriptingObjects (0ms)
			CreateAndSetChildDomain (24ms)
		EndReloadAssembly (542ms)
			LoadAssemblies (57ms)
			RebuildTransferFunctionScriptingTraits (0ms)
			SetupTypeCache (163ms)
			ReleaseScriptCaches (1ms)
			RebuildScriptCaches (21ms)
			SetupLoadedEditorAssemblies (239ms)
				LogAssemblyErrors (0ms)
				InitializePlatformSupportModulesInManaged (3ms)
				SetLoadedEditorAssemblies (0ms)
				RefreshPlugins (0ms)
				BeforeProcessingInitializeOnLoad (55ms)
				ProcessInitializeOnLoadAttributes (173ms)
				ProcessInitializeOnLoadMethodAttributes (3ms)
				AfterProcessingInitializeOnLoad (4ms)
				EditorAssembliesLoaded (0ms)
			ExecutionOrderSort2 (0ms)
			AwakeInstancesAfterBackupRestoration (5ms)
Platform modules already initialized, skipping
Refreshing native plugins compatible for Editor in 0.35 ms, found 2 plugins.
Preloading 0 native plugins for Editor in 0.00 ms.
Unloading 1584 Unused Serialized files (Serialized files now loaded: 0)
System memory in use before: 88.3 MB.
System memory in use after: 88.1 MB.

Unloading 19 unused Assets to reduce memory usage. Loaded Objects now: 2160.
Total: 2.580200 ms (FindLiveObjects: 0.140900 ms CreateObjectMapping: 0.035400 ms MarkObjects: 2.125700 ms  DeleteObjects: 0.277600 ms)

AssetImportParameters requested are different than current active one (requested -> active):
  custom:framework-win-MediaFoundation: 216162199b28c13a410421893ffa2e32 -> 
  custom:video-decoder-ogg-theora: a1e56fd34408186e4bbccfd4996cb3dc -> 
  custom:container-muxer-webm: aa71ff27fc2769a1b78a27578f13a17b -> 
  custom:container-demuxer-webm: 4f35f7cbe854078d1ac9338744f61a02 -> 
  custom:container-demuxer-ogg: 62fdf1f143b41e24485cea50d1cbac27 -> 
  custom:video-encoder-webm-vp8: eb34c28f22e8b96e1ab97ce403110664 -> 
  custom:video-decoder-webm-vp8: 9c59270c3fd7afecdb556c50c9e8de78 -> 
  custom:audio-decoder-ogg-vorbis: bf7c407c2cedff20999df2af8eb42d56 -> 
  custom:audio-encoder-webm-vorbis: bf7c407c2cedff20999df2af8eb42d56 -> 
========================================================================
Received Prepare
Registering precompiled user dll's ...
Registered in 0.003375 seconds.
Begin MonoManager ReloadAssembly
Native extension for WindowsStandalone target not found
Refreshing native plugins compatible for Editor in 0.37 ms, found 2 plugins.
Preloading 0 native plugins for Editor in 0.00 ms.
Mono: successfully reloaded assembly
- Completed reload, in  0.762 seconds
Domain Reload Profiling:
	ReloadAssembly (762ms)
		BeginReloadAssembly (98ms)
			ExecutionOrderSort (0ms)
			DisableScriptedObjects (5ms)
			BackupInstance (0ms)
			ReleaseScriptingObjects (0ms)
			CreateAndSetChildDomain (30ms)
		EndReloadAssembly (621ms)
			LoadAssemblies (71ms)
			RebuildTransferFunctionScriptingTraits (0ms)
			SetupTypeCache (200ms)
			ReleaseScriptCaches (1ms)
			RebuildScriptCaches (24ms)
			SetupLoadedEditorAssemblies (263ms)
				LogAssemblyErrors (0ms)
				InitializePlatformSupportModulesInManaged (4ms)
				SetLoadedEditorAssemblies (0ms)
				RefreshPlugins (0ms)
				BeforeProcessingInitializeOnLoad (58ms)
				ProcessInitializeOnLoadAttributes (194ms)
				ProcessInitializeOnLoadMethodAttributes (3ms)
				AfterProcessingInitializeOnLoad (4ms)
				EditorAssembliesLoaded (0ms)
			ExecutionOrderSort2 (0ms)
			AwakeInstancesAfterBackupRestoration (5ms)
Platform modules already initialized, skipping
Refreshing native plugins compatible for Editor in 0.38 ms, found 2 plugins.
Preloading 0 native plugins for Editor in 0.00 ms.
Unloading 1596 Unused Serialized files (Serialized files now loaded: 0)
System memory in use before: 88.6 MB.
System memory in use after: 88.4 MB.

Unloading 19 unused Assets to reduce memory usage. Loaded Objects now: 2174.
Total: 2.547000 ms (FindLiveObjects: 0.153100 ms CreateObjectMapping: 0.041600 ms MarkObjects: 2.120900 ms  DeleteObjects: 0.230600 ms)

AssetImportParameters requested are different than current active one (requested -> active):
  custom:framework-win-MediaFoundation: 216162199b28c13a410421893ffa2e32 -> 
  custom:video-decoder-ogg-theora: a1e56fd34408186e4bbccfd4996cb3dc -> 
  custom:container-muxer-webm: aa71ff27fc2769a1b78a27578f13a17b -> 
  custom:container-demuxer-webm: 4f35f7cbe854078d1ac9338744f61a02 -> 
  custom:container-demuxer-ogg: 62fdf1f143b41e24485cea50d1cbac27 -> 
  custom:video-encoder-webm-vp8: eb34c28f22e8b96e1ab97ce403110664 -> 
  custom:video-decoder-webm-vp8: 9c59270c3fd7afecdb556c50c9e8de78 -> 
  custom:audio-decoder-ogg-vorbis: bf7c407c2cedff20999df2af8eb42d56 -> 
  custom:audio-encoder-webm-vorbis: bf7c407c2cedff20999df2af8eb42d56 -> 
========================================================================
Received Import Request.
  Time since last request: 271.250232 seconds.
  path: Assets/Robot Kyle
  artifactKey: Guid(564e49fee41b2a34d8a9b6fc44ad1e4e) Importer(815301076,1909f56bfc062723c751e8b465ee728b)
Start importing Assets/Robot Kyle using Guid(564e49fee41b2a34d8a9b6fc44ad1e4e) Importer(815301076,1909f56bfc062723c751e8b465ee728b)  -> (artifact id: '3b09c4c19242ec8439cbcf2faeea07ea') in 0.007342 seconds 
  Import took 0.009581 seconds .

========================================================================
Received Import Request.
  Time since last request: 0.000369 seconds.
  path: Assets/Robot Kyle
  artifactKey: Guid(564e49fee41b2a34d8a9b6fc44ad1e4e) Importer(815301076,1909f56bfc062723c751e8b465ee728b)
Start importing Assets/Robot Kyle using Guid(564e49fee41b2a34d8a9b6fc44ad1e4e) Importer(815301076,1909f56bfc062723c751e8b465ee728b)  -> (artifact id: '3b09c4c19242ec8439cbcf2faeea07ea') in 0.001602 seconds 
  Import took 0.003195 seconds .

========================================================================
Received Import Request.
  Time since last request: 1.120043 seconds.
  path: Assets/Robot Kyle/Model
  artifactKey: Guid(68b0799ef473af34d9cb15cd6b5aaaad) Importer(815301076,1909f56bfc062723c751e8b465ee728b)
Start importing Assets/Robot Kyle/Model using Guid(68b0799ef473af34d9cb15cd6b5aaaad) Importer(815301076,1909f56bfc062723c751e8b465ee728b)  -> (artifact id: '614684c0215b246ec35c43085259e2cf') in 0.004951 seconds 
  Import took 0.007014 seconds .

========================================================================
Received Import Request.
  Time since last request: 0.043512 seconds.
  path: Assets/Robot Kyle/Model/Robot Kyle.fbx
  artifactKey: Guid(320b1c2af77554f99a1658df4a6d3d5c) Importer(815301076,1909f56bfc062723c751e8b465ee728b)
Start importing Assets/Robot Kyle/Model/Robot Kyle.fbx using Guid(320b1c2af77554f99a1658df4a6d3d5c) Importer(815301076,1909f56bfc062723c751e8b465ee728b)  -> (artifact id: '7482a7d39667ce114cc6cb64bb7cd0d2') in 0.182757 seconds 
  Import took 0.185374 seconds .

========================================================================
Received Prepare
Registering precompiled user dll's ...
Registered in 0.003517 seconds.
Begin MonoManager ReloadAssembly
Native extension for WindowsStandalone target not found
Refreshing native plugins compatible for Editor in 0.39 ms, found 2 plugins.
Preloading 0 native plugins for Editor in 0.00 ms.
Mono: successfully reloaded assembly
- Completed reload, in  0.781 seconds
Domain Reload Profiling:
	ReloadAssembly (781ms)
		BeginReloadAssembly (95ms)
			ExecutionOrderSort (0ms)
			DisableScriptedObjects (4ms)
			BackupInstance (0ms)
			ReleaseScriptingObjects (0ms)
			CreateAndSetChildDomain (30ms)
		EndReloadAssembly (623ms)
			LoadAssemblies (65ms)
			RebuildTransferFunctionScriptingTraits (0ms)
			SetupTypeCache (179ms)
			ReleaseScriptCaches (1ms)
			RebuildScriptCaches (24ms)
			SetupLoadedEditorAssemblies (285ms)
				LogAssemblyErrors (0ms)
				InitializePlatformSupportModulesInManaged (4ms)
				SetLoadedEditorAssemblies (0ms)
				RefreshPlugins (0ms)
				BeforeProcessingInitializeOnLoad (59ms)
				ProcessInitializeOnLoadAttributes (213ms)
				ProcessInitializeOnLoadMethodAttributes (4ms)
				AfterProcessingInitializeOnLoad (4ms)
				EditorAssembliesLoaded (0ms)
			ExecutionOrderSort2 (0ms)
			AwakeInstancesAfterBackupRestoration (6ms)
Platform modules already initialized, skipping
Refreshing native plugins compatible for Editor in 0.63 ms, found 2 plugins.
Preloading 0 native plugins for Editor in 0.00 ms.
Unloading 1596 Unused Serialized files (Serialized files now loaded: 0)
System memory in use before: 102.7 MB.
System memory in use after: 102.5 MB.

Unloading 19 unused Assets to reduce memory usage. Loaded Objects now: 2179.
Total: 3.065200 ms (FindLiveObjects: 0.133500 ms CreateObjectMapping: 0.038400 ms MarkObjects: 2.698000 ms  DeleteObjects: 0.194600 ms)

AssetImportParameters requested are different than current active one (requested -> active):
  custom:framework-win-MediaFoundation: 216162199b28c13a410421893ffa2e32 -> 
  custom:video-decoder-ogg-theora: a1e56fd34408186e4bbccfd4996cb3dc -> 
  custom:container-muxer-webm: aa71ff27fc2769a1b78a27578f13a17b -> 
  custom:container-demuxer-webm: 4f35f7cbe854078d1ac9338744f61a02 -> 
  custom:container-demuxer-ogg: 62fdf1f143b41e24485cea50d1cbac27 -> 
  custom:video-encoder-webm-vp8: eb34c28f22e8b96e1ab97ce403110664 -> 
  custom:video-decoder-webm-vp8: 9c59270c3fd7afecdb556c50c9e8de78 -> 
  custom:audio-decoder-ogg-vorbis: bf7c407c2cedff20999df2af8eb42d56 -> 
  custom:audio-encoder-webm-vorbis: bf7c407c2cedff20999df2af8eb42d56 -> 
========================================================================
Received Prepare
Registering precompiled user dll's ...
Registered in 0.003628 seconds.
Begin MonoManager ReloadAssembly
Native extension for WindowsStandalone target not found
Refreshing native plugins compatible for Editor in 0.39 ms, found 2 plugins.
Preloading 0 native plugins for Editor in 0.00 ms.
Mono: successfully reloaded assembly
- Completed reload, in  0.793 seconds
Domain Reload Profiling:
	ReloadAssembly (793ms)
		BeginReloadAssembly (88ms)
			ExecutionOrderSort (0ms)
			DisableScriptedObjects (4ms)
			BackupInstance (0ms)
			ReleaseScriptingObjects (0ms)
			CreateAndSetChildDomain (28ms)
		EndReloadAssembly (659ms)
			LoadAssemblies (69ms)
			RebuildTransferFunctionScriptingTraits (0ms)
			SetupTypeCache (195ms)
			ReleaseScriptCaches (1ms)
			RebuildScriptCaches (25ms)
			SetupLoadedEditorAssemblies (297ms)
				LogAssemblyErrors (0ms)
				InitializePlatformSupportModulesInManaged (4ms)
				SetLoadedEditorAssemblies (0ms)
				RefreshPlugins (0ms)
				BeforeProcessingInitializeOnLoad (63ms)
				ProcessInitializeOnLoadAttributes (219ms)
				ProcessInitializeOnLoadMethodAttributes (4ms)
				AfterProcessingInitializeOnLoad (6ms)
				EditorAssembliesLoaded (0ms)
			ExecutionOrderSort2 (0ms)
			AwakeInstancesAfterBackupRestoration (6ms)
Platform modules already initialized, skipping
Refreshing native plugins compatible for Editor in 0.42 ms, found 2 plugins.
Preloading 0 native plugins for Editor in 0.00 ms.
Unloading 1596 Unused Serialized files (Serialized files now loaded: 0)
System memory in use before: 102.7 MB.
System memory in use after: 102.5 MB.

Unloading 19 unused Assets to reduce memory usage. Loaded Objects now: 2181.
Total: 2.990700 ms (FindLiveObjects: 0.171700 ms CreateObjectMapping: 0.053000 ms MarkObjects: 2.499400 ms  DeleteObjects: 0.265900 ms)

AssetImportParameters requested are different than current active one (requested -> active):
  custom:framework-win-MediaFoundation: 216162199b28c13a410421893ffa2e32 -> 
  custom:video-decoder-ogg-theora: a1e56fd34408186e4bbccfd4996cb3dc -> 
  custom:container-muxer-webm: aa71ff27fc2769a1b78a27578f13a17b -> 
  custom:container-demuxer-webm: 4f35f7cbe854078d1ac9338744f61a02 -> 
  custom:container-demuxer-ogg: 62fdf1f143b41e24485cea50d1cbac27 -> 
  custom:video-encoder-webm-vp8: eb34c28f22e8b96e1ab97ce403110664 -> 
  custom:video-decoder-webm-vp8: 9c59270c3fd7afecdb556c50c9e8de78 -> 
  custom:audio-decoder-ogg-vorbis: bf7c407c2cedff20999df2af8eb42d56 -> 
  custom:audio-encoder-webm-vorbis: bf7c407c2cedff20999df2af8eb42d56 -> 
AssetImportWorkerClient::OnTransportError - code=2 error=End of file
